"../../../Engine/Content/Functions/Engine_MaterialFunctions02/Utility/BreakOutFloat2Components.uasset" 0
"../../../Engine/Content/ArtTools/RenderToTexture/MaterialFunctions/CheckerPattern.uasset" 1
"../../../Engine/Content/Functions/Engine_MaterialFunctions02/Utility/BreakOutFloat4Components.uasset" 2
"../../../Engine/Content/Functions/Engine_MaterialFunctions02/Utility/MakeFloat2.uasset" 3
"../../../Engine/Content/Functions/Engine_MaterialFunctions02/Utility/MakeFloat4.uasset" 4
"../../../Engine/Content/Functions/Engine_MaterialFunctions02/Utility/Swizzle.uasset" 5
"../../../Engine/Content/Functions/Engine_MaterialFunctions02/Utility/VectorLength.uasset" 6
"../../../../../GravityImpact/GravityImpactFull/GravityImpact/Content/ProgressBarsFunctions/MF_Translcent.uasset" 7
"../../../../../GravityImpact/GravityImpactFull/GravityImpact/Content/ProgressBarsFunctions/MF_TriangleWave.uasset" 8
"../../../../../GravityImpact/GravityImpactFull/GravityImpact/Content/Textures/T_Gloss_Light.uasset" 9
"../../../../../GravityImpact/GravityImpactFull/GravityImpact/Content/Materials/MF_Layers.uasset" 10
"../../../../../GravityImpact/GravityImpactFull/GravityImpact/Content/ProgressBarsFunctions/MF_SMin.uasset" 11
"../../../../../GravityImpact/GravityImpactFull/GravityImpact/Content/ProgressBarsFunctions/MF_SMin2.uasset" 12
"../../../../../GravityImpact/GravityImpactFull/GravityImpact/Content/ProgressBarsFunctions/MF_SmoothStepWidth.uasset" 13
"../../../../../GravityImpact/GravityImpactFull/GravityImpact/Content/Textures/T_PatternHeart.uasset" 14
"../../../../../GravityImpact/GravityImpactFull/GravityImpact/Content/Materials/MF_Rect.uasset" 15
"../../../../../GravityImpact/GravityImpactFull/GravityImpact/Content/Materials/M_SurfaceRectBar.uasset" 16
"../../../../../GravityImpact/GravityImpactFull/GravityImpact/Content/Materials/MI_SurfaceRectBar.uasset" 17
"../../../../../GravityImpact/GravityImpactFull/GravityImpact/Content/ProgressBarsFunctions/MF_CircleBarTime.uasset" 18
"../../../../../GravityImpact/GravityImpactFull/GravityImpact/Content/ProgressBarsFunctions/MF_DivisionJumpHard.uasset" 19
"../../../Engine/Content/Functions/Engine_MaterialFunctions01/Opacity/CameraDepthFade.uasset" 20
"../../../Engine/Content/EngineMaterials/T_Default_Material_Grid_M.uasset" 21
"../../../Engine/Content/EngineMaterials/T_Default_Material_Grid_N.uasset" 22
"../../../Engine/Content/EngineMaterials/WorldGridMaterial.uasset" 23
"../../../Engine/Content/ArtTools/RenderToTexture/Meshes/S_1_Unit_Plane.uasset" 24
"../../../Engine/Content/EngineMaterials/DefaultMaterial.uasset" 25
"../../../Engine/Content/BasicShapes/Cone.uasset" 26
"../../../Engine/Content/BasicShapes/Cube.uasset" 27
"../../../Engine/Content/BasicShapes/Cylinder.uasset" 28
"../../../Engine/Content/EditorLandscapeResources/DataLayer.uasset" 29
"../../../Engine/Content/EditorMaterials/GizmoMaterial.uasset" 30
"../../../Engine/Content/EditorMaterials/MAT_Groups_Toggle.uasset" 31
"../../../Engine/Content/EditorMaterials/MAT_Groups_Visibility.uasset" 32
"../../../Engine/Content/EditorMaterials/PreviewShadowIndicator.uasset" 33
"../../../Engine/Content/EditorMaterials/PreviewShadowIndicatorMaterial.uasset" 34
"../../../Engine/Content/EditorMaterials/MatineeGroups/MAT_ColorTrack.uasset" 35
"../../../Engine/Content/EditorMaterials/MatineeGroups/MAT_Groups_Anim.uasset" 36
"../../../Engine/Content/EditorMaterials/MatineeGroups/MAT_Groups_AudioMaster.uasset" 37
"../../../Engine/Content/EditorMaterials/MatineeGroups/MAT_Groups_Director.uasset" 38
"../../../Engine/Content/EditorMaterials/MatineeGroups/MAT_Groups_Event.uasset" 39
"../../../Engine/Content/EditorMaterials/MatineeGroups/MAT_Groups_Fade.uasset" 40
"../../../Engine/Content/EditorMaterials/MatineeGroups/MAT_Groups_Float.uasset" 41
"../../../Engine/Content/EditorMaterials/MatineeGroups/MAT_Groups_Move.uasset" 42
"../../../Engine/Content/EditorMaterials/MatineeGroups/MAT_Groups_Slomo.uasset" 43
"../../../Engine/Content/EditorMaterials/MatineeGroups/MAT_Groups_Sound.uasset" 44
"../../../Engine/Content/EditorMaterials/MatineeGroups/MAT_Groups_Vector.uasset" 45
"../../../Engine/Content/EditorMaterials/ParticleSystems/PSysThumbnail_NoImage.uasset" 46
"../../../Engine/Content/EditorMaterials/ParticleSystems/PSysThumbnail_OOD.uasset" 47
"../../../Engine/Content/EditorMaterials/Camera/CineMat.uasset" 48
"../../../Engine/Content/EditorMaterials/Camera/MI_CineMat_Rig.uasset" 49
"../../../Engine/Content/EditorMeshes/Camera/SM_CraneRig_Arm.uasset" 50
"../../../Engine/Content/EditorMeshes/Camera/SM_CraneRig_Base.uasset" 51
"../../../Engine/Content/EditorMeshes/Camera/SM_CraneRig_Body.uasset" 52
"../../../Engine/Content/EditorMeshes/Camera/SM_CraneRig_Mount.uasset" 53
"../../../Engine/Content/EditorMeshes/Camera/SM_RailRig_Mount.uasset" 54
"../../../Engine/Content/EditorMeshes/Camera/SM_RailRig_Track.uasset" 55
"../../../Engine/Content/EditorResources/BSPVertex.uasset" 56
"../../../Engine/Content/EditorResources/EmptyActor.uasset" 57
"../../../Engine/Content/EditorResources/S_Actor.uasset" 58
"../../../Engine/Content/EditorResources/S_Trigger.uasset" 59
"../../../Engine/Content/EditorResources/SequenceRecorder/Countdown.uasset" 60
"../../../Engine/Content/EditorResources/SequenceRecorder/RecordingIndicator.uasset" 61
"../../../Engine/Content/EditorSounds/Notifications/CompileFailed.uasset" 62
"../../../Engine/Content/EditorSounds/Notifications/CompileFailed_Cue.uasset" 63
"../../../Engine/Content/EditorSounds/Notifications/CompileSuccess.uasset" 64
"../../../Engine/Content/EditorSounds/Notifications/CompileStart_Cue.uasset" 65
"../../../Engine/Content/EditorSounds/Notifications/CompileSuccess_Cue.uasset" 66
"../../../Engine/Content/EngineDamageTypes/DmgTypeBP_Environmental.uasset" 67
"../../../Engine/Content/EngineDebugMaterials/HeatmapGradient.uasset" 68
"../../../Engine/Content/EngineDebugMaterials/BoneWeightMaterial.uasset" 69
"../../../Engine/Content/EngineDebugMaterials/ClothMaterial.uasset" 70
"../../../Engine/Content/EngineDebugMaterials/ClothMaterial_WF.uasset" 71
"../../../Engine/Content/EngineDebugMaterials/DebugEditorMaterial.uasset" 72
"../../../Engine/Content/EngineDebugMaterials/DebugMeshMaterial.uasset" 73
"../../../Engine/Content/EngineDebugMaterials/GeomMaterial.uasset" 74
"../../../Engine/Content/EngineDebugMaterials/M_SimpleTranslucent.uasset" 75
"../../../Engine/Content/EngineFonts/Faces/RobotoBold.uasset" 76
"../../../Engine/Content/EngineFonts/Faces/RobotoBoldItalic.uasset" 77
"../../../Engine/Content/EngineFonts/Faces/RobotoItalic.uasset" 78
"../../../Engine/Content/EngineFonts/Faces/RobotoLight.uasset" 79
"../../../Engine/Content/EngineFonts/Faces/RobotoRegular.uasset" 80
"../../../Engine/Content/EngineFonts/Roboto.uasset" 81
"../../../Engine/Content/EngineFonts/Faces/RobotoTiny.uasset" 82
"../../../Engine/Content/EngineFonts/RobotoTiny.uasset" 83
"../../../Engine/Content/EngineMaterials/BaseFlattenDiffuseMap.uasset" 84
"../../../Engine/Content/EngineMaterials/BaseFlattenEmissiveMap.uasset" 85
"../../../Engine/Content/EngineMaterials/BaseFlattenGrayscaleMap.uasset" 86
"../../../Engine/Content/EngineMaterials/BaseFlattenNormalMap.uasset" 87
"../../../Engine/Content/EngineMaterials/BaseFlattenMaterial.uasset" 88
"../../../Engine/Content/EngineMaterials/DefaultBloomKernel.uasset" 89
"../../../Engine/Content/EngineMaterials/DefaultBokeh.uasset" 90
"../../../Engine/Content/EngineMaterials/DefaultDiffuse.uasset" 91
"../../../Engine/Content/EngineMaterials/DefaultDeferredDecalMaterial.uasset" 92
"../../../Engine/Content/EngineMaterials/DefaultLightFunctionMaterial.uasset" 93
"../../../Engine/Content/EngineMaterials/DefaultPhysicalMaterial.uasset" 94
"../../../Engine/Content/EngineMaterials/DefaultPostProcessMaterial.uasset" 95
"../../../Engine/Content/EngineFonts/RobotoDistanceField.uasset" 96
"../../../Engine/Content/EngineMaterials/DefaultTextMaterialOpaque.uasset" 97
"../../../Engine/Content/EngineMaterials/DefaultWhiteGrid.uasset" 98
"../../../Engine/Content/EngineMaterials/EditorBrushMaterial.uasset" 99
"../../../Engine/Content/EngineMaterials/Good64x64TilingNoiseHighFreq.uasset" 100
"../../../Engine/Content/EngineMaterials/MiniFont.uasset" 101
"../../../Engine/Content/EngineMaterials/InvalidLightmapSettings.uasset" 102
"../../../Engine/Content/EngineMaterials/M_InvalidLightmapSettings.uasset" 103
"../../../Engine/Content/Functions/Engine_MaterialFunctions02/WorldPositionOffset/CameraOffset.uasset" 104
"../../../Engine/Content/EngineMaterials/PhAT_JointLimitMaterial.uasset" 105
"../../../Engine/Content/EngineMaterials/PreintegratedSkinBRDF.uasset" 106
"../../../Engine/Content/EngineMaterials/RemoveSurfaceMaterial.uasset" 107
"../../../Engine/Content/EngineMaterials/WeightMapPlaceholderTexture.uasset" 108
"../../../Engine/Content/EngineResources/WhiteSquareTexture.uasset" 109
"../../../Engine/Content/EngineMaterials/Widget3DPassThrough.uasset" 110
"../../../Engine/Content/EngineMaterials/Widget3DPassThrough_Masked.uasset" 111
"../../../Engine/Content/EngineMaterials/Widget3DPassThrough_Opaque.uasset" 112
"../../../Engine/Content/EngineMaterials/Widget3DPassThrough_Masked_OneSided.uasset" 113
"../../../Engine/Content/EngineMaterials/Widget3DPassThrough_Opaque_OneSided.uasset" 114
"../../../Engine/Content/EngineMaterials/Widget3DPassThrough_Translucent.uasset" 115
"../../../Engine/Content/EngineMaterials/Widget3DPassThrough_Translucent_OneSided.uasset" 116
"../../../Engine/Content/EngineMeshes/Cylinder.uasset" 117
"../../../Engine/Content/EngineMeshes/Sphere.uasset" 118
"../../../Engine/Content/EngineResources/Black.uasset" 119
"../../../Engine/Content/EngineResources/DefaultTexture.uasset" 120
"../../../Engine/Content/EngineResources/DefaultTextureCube.uasset" 121
"../../../Engine/Content/EngineResources/DefaultVolumeTexture2D.uasset" 122
"../../../Engine/Content/EngineResources/DefaultVolumeTexture.uasset" 123
"../../../Engine/Content/EngineResources/GradientTexture0.uasset" 124
"../../../Engine/Content/EngineSounds/Master.uasset" 125
"../../../Engine/Content/Functions/Engine_MaterialFunctions01/Shading/ConvertFromDiffSpec.uasset" 126
"../../../Engine/Content/Functions/Engine_MaterialFunctions01/Shading/PowerToRoughness.uasset" 127
"../../../Engine/Content/Maps/Templates/Thumbnails/Default.uasset" 128
"../../../Engine/Content/Maps/Templates/Thumbnails/VR-Basic.uasset" 129
"../../../Engine/Content/MobileResources/T_MobileControls_texture.uasset" 130
"../../../Engine/Content/MobileResources/T_MobileMenu2.uasset" 131
"../../../Engine/Content/MobileResources/HUD/AnalogHat.uasset" 132
"../../../Engine/Content/MobileResources/HUD/VirtualJoystick_Background.uasset" 133
"../../../Engine/Content/MobileResources/HUD/VirtualJoystick_Thumb.uasset" 134
"../../../Engine/Content/MobileResources/HUD/DefaultVirtualJoysticks.uasset" 135
"../../../Engine/Content/MobileResources/HUD/LeftVirtualJoystickOnly.uasset" 136
"../../../Engine/Content/MobileResources/HUD/MobileHUDButton1_off.uasset" 137
"../../../Engine/Content/MobileResources/HUD/MobileHUDButton1_on.uasset" 138
"../../../Engine/Content/MobileResources/HUD/MobileHUDButton2_off.uasset" 139
"../../../Engine/Content/MobileResources/HUD/MobileHUDButton2_on.uasset" 140
"../../../Engine/Content/MobileResources/HUD/MobileHUDButton3.uasset" 141
"../../../Engine/Content/MobileResources/HUD/MobileHUDButtonFire.uasset" 142
"../../../Engine/Content/MobileResources/HUD/MobileHUDDirectionPad.uasset" 143
"../../../Engine/Content/MobileResources/HUD/MobileHUDDirectionPad2.uasset" 144
"../../../Engine/Content/MobileResources/HUD/MobileHUDDirectionPad3.uasset" 145
"../../../Engine/Content/MobileResources/HUD/MobileHUDDirectionStick.uasset" 146
"../../../Engine/Content/MobileResources/HUD/T_Castle_ThumbstickInner.uasset" 147
"../../../Engine/Content/MobileResources/HUD/T_Castle_ThumbstickOutter.uasset" 148
"../../../Engine/Content/Tutorial/ContentIntroCurve.uasset" 149
"../../../Engine/Content/Tutorial/Basics/TutorialAssets/icon_tab_Levels_40x.uasset" 150
"../../../Engine/Content/VREditor/LaserPointer/VR_LaserPower_01.uasset" 151
"../../../Engine/Content/VREditor/TransformGizmo/TransformGizmoMaterial.uasset" 152
"../../../Engine/Content/VREditor/TransformGizmo/TranslucentTransformGizmoMaterial.uasset" 153
"../../../Engine/Content/VREditor/TransformGizmo/BoundingBoxCorner.uasset" 154
"../../../Engine/Content/VREditor/TransformGizmo/BoundingBoxEdge.uasset" 155
"../../../Engine/Content/VREditor/TransformGizmo/PlaneTranslationHandle.uasset" 156
"../../../Engine/Content/VREditor/TransformGizmo/Main.uasset" 157
"../../../Engine/Content/VREditor/TransformGizmo/Xray.uasset" 158
"../../../Engine/Content/VREditor/TransformGizmo/SM_Sequencer_Key.uasset" 159
"../../../Engine/Content/VREditor/TransformGizmo/SM_Sequencer_Node.uasset" 160
"../../Plugins/2D/Paper2D/Content/PlaceholderTextures/DummySpriteTexture.uasset" 161
"../../Plugins/2D/Paper2D/Content/DummySprite.uasset" 162
"../../Plugins/2D/Paper2D/Content/DefaultPaperTerrainMaterial.uasset" 163
"../../Plugins/2D/Paper2D/Content/DefaultSpriteMaterial.uasset" 164
"../../Plugins/2D/Paper2D/Content/MaskedUnlitSpriteMaterial.uasset" 165
"../../Plugins/2D/Paper2D/Content/OpaqueUnlitSpriteMaterial.uasset" 166
"../../Plugins/Runtime/Oculus/OculusVR/Content/Materials/PokeAHoleMaterial.uasset" 167
"../../Plugins/Runtime/Oculus/OculusVR/Content/Textures/GearVRController_AO.uasset" 168
"../../Plugins/Runtime/Oculus/OculusVR/Content/Textures/GearVRController_Color.uasset" 169
"../../Plugins/Runtime/Oculus/OculusVR/Content/Textures/GearVRController_Normal.uasset" 170
"../../Plugins/Runtime/Oculus/OculusVR/Content/Materials/GearVRControllerMaterial.uasset" 171
"../../Plugins/Runtime/Oculus/OculusVR/Content/Meshes/GearVrController.uasset" 172
"../../Plugins/Runtime/Oculus/OculusVR/Content/Textures/touchController_albedo.uasset" 173
"../../Plugins/Runtime/Oculus/OculusVR/Content/Textures/touchController_controlmap.uasset" 174
"../../Plugins/Runtime/Oculus/OculusVR/Content/Materials/touchController_mat.uasset" 175
"../../Plugins/Runtime/Oculus/OculusVR/Content/Meshes/LeftTouchController.uasset" 176
"../../Plugins/Runtime/Oculus/OculusVR/Content/Meshes/RiftHMD.uasset" 177
"../../Plugins/Runtime/Oculus/OculusVR/Content/Meshes/RightTouchController.uasset" 178
"../../../Engine/Content/EditorBlueprintResources/ActorMacros.uasset" 179
"../../../Engine/Content/EditorBlueprintResources/StandardMacros.uasset" 180
"../../../../../GravityImpact/GravityImpactFull/GravityImpact/Content/Materials/M_UmgRectBar.uasset" 181
"../../../../../GravityImpact/GravityImpactFull/GravityImpact/Content/Materials/MI_UmgRectBar.uasset" 182
"../../../../../GravityImpact/GravityImpactFull/GravityImpact/Content/Materials/T_PatternHex.uasset" 183
"../../../../../GravityImpact/GravityImpactFull/GravityImpact/Content/Textures/T_GLossShadowCenter.uasset" 184
"../../../../../GravityImpact/GravityImpactFull/GravityImpact/Content/Textures/T_GlossShadowEdge.uasset" 185
"../../../../../GravityImpact/GravityImpactFull/GravityImpact/Content/Materials/MI_UmgPatternHex.uasset" 186
"../../../../../GravityImpact/GravityImpactFull/GravityImpact/Content/Blueprints/MainUIWB.uasset" 187
"../../../../../GravityImpact/GravityImpactFull/GravityImpact/Content/Blueprints/GravityImpactGameStateBase.uasset" 188
"../../../../../GravityImpact/GravityImpactFull/GravityImpact/Content/Blueprints/InvisibleWall.uasset" 189
"../../../Engine/Content/BasicShapes/BasicShapeMaterial.uasset" 190
"../../../Engine/Content/BasicShapes/Sphere.uasset" 191
"../../../../../GravityImpact/GravityImpactFull/GravityImpact/Content/Textures/FX_RadialStreaks2.uasset" 192
"../../../../../GravityImpact/GravityImpactFull/GravityImpact/Content/Materials/M_FX_Flare_01.uasset" 193
"../../../../../GravityImpact/GravityImpactFull/GravityImpact/Content/Particles/ProjectileExplosion.uasset" 194
"../../../../../GravityImpact/GravityImpactFull/GravityImpact/Content/MaterialFunctions/Lu_RadialGradient.uasset" 195
"../../../../../GravityImpact/GravityImpactFull/GravityImpact/Content/Materials/M_Basic_Dots.uasset" 196
"../../../../../GravityImpact/GravityImpactFull/GravityImpact/Content/MaterialFunctions/Luos_RibbonTrail_01.uasset" 197
"../../../../../GravityImpact/GravityImpactFull/GravityImpact/Content/Materials/M_MatraTrail_01.uasset" 198
"../../../Engine/Content/Functions/Engine_MaterialFunctions01/Gradient/LinearGradient.uasset" 199
"../../../../../GravityImpact/GravityImpactFull/GravityImpact/Content/MaterialFunctions/Luos_alphaErosion.uasset" 200
"../../../../../GravityImpact/GravityImpactFull/GravityImpact/Content/MaterialFunctions/Luos_EasyRotate.uasset" 201
"../../../../../GravityImpact/GravityImpactFull/GravityImpact/Content/MaterialFunctions/Luos_Mask_Distorter.uasset" 202
"../../../../../GravityImpact/GravityImpactFull/GravityImpact/Content/Textures/T_ArrowBurstTrail_01.uasset" 203
"../../../../../GravityImpact/GravityImpactFull/GravityImpact/Content/Textures/T_LParticle_Thruster_Masks_01.uasset" 204
"../../../../../GravityImpact/GravityImpactFull/GravityImpact/Content/Textures/T_NoiseNormal_78.uasset" 205
"../../../../../GravityImpact/GravityImpactFull/GravityImpact/Content/Materials/SmokeTrail.uasset" 206
"../../../../../GravityImpact/GravityImpactFull/GravityImpact/Content/MaterialFunctions/Luos_PannerRotator.uasset" 207
"../../../../../GravityImpact/GravityImpactFull/GravityImpact/Content/Textures/T_MatraBoom_Mask1.uasset" 208
"../../../../../GravityImpact/GravityImpactFull/GravityImpact/Content/Textures/T_MatraBoom_Mask2.uasset" 209
"../../../../../GravityImpact/GravityImpactFull/GravityImpact/Content/Textures/T_NoiseNormal_76.uasset" 210
"../../../../../GravityImpact/GravityImpactFull/GravityImpact/Content/Materials/M_MatraCloud_01.uasset" 211
"../../../../../GravityImpact/GravityImpactFull/GravityImpact/Content/Materials/M_MatraCloud_01b_NoBB.uasset" 212
"../../../../../GravityImpact/GravityImpactFull/GravityImpact/Content/Particles/ProjectileTrail.uasset" 213
"../../../../../GravityImpact/GravityImpactFull/GravityImpact/Content/Blueprints/ProjectileBP.uasset" 214
"../../../../../GravityImpact/GravityImpactFull/GravityImpact/Content/Blueprints/PlayerPawnBP.uasset" 215
"../../../../../GravityImpact/GravityImpactFull/GravityImpact/Content/Blueprints/GravityImpactController.uasset" 216
"../../../../../GravityImpact/GravityImpactFull/GravityImpact/Content/Blueprints/CameraPawnBP.uasset" 217
"../../../../../GravityImpact/GravityImpactFull/GravityImpact/Content/Blueprints/GravityImpactGameMode.uasset" 218
"../../../../../GravityImpact/GravityImpactFull/GravityImpact/Content/Maps/Level1_BuiltData.uasset" 219
"../../../../../GravityImpact/GravityImpactFull/GravityImpact/Content/Materials/M_TestSky.uasset" 220
"../../../../../GravityImpact/GravityImpactFull/GravityImpact/Content/Materials/M_TestSky_Inst.uasset" 221
"../../../Engine/Content/BasicShapes/Plane.uasset" 222
"../../../Engine/Content/MapTemplates/Bokeh_5Sides.uasset" 223
"../../../Engine/Content/MapTemplates/T_ScreenDirt02_w.uasset" 224
"../../../../../GravityImpact/GravityImpactFull/GravityImpact/Content/Maps/Level1.umap" 225
"../../../../../GravityImpact/GravityImpactFull/GravityImpact/Content/Maps/Lobby.umap" 226
"../../../../../GravityImpact/GravityImpactFull/GravityImpact/Content/MainMenu/ConnectToServer_Widget.uasset" 227
"../../../../../GravityImpact/GravityImpactFull/GravityImpact/Content/MainMenu/HostServer_widget.uasset" 228
"../../../../../GravityImpact/GravityImpactFull/GravityImpact/Content/MainMenu/LoadingScreen_Widget.uasset" 229
"../../../../../GravityImpact/GravityImpactFull/GravityImpact/Content/MainMenu/MainMenu_Widget.uasset" 230
"../../../../../GravityImpact/GravityImpactFull/GravityImpact/Content/MainMenu/Options_Widget.uasset" 231
"../../../../../GravityImpact/GravityImpactFull/GravityImpact/Content/MainMenu/GravityImpactGameInstance.uasset" 232
"../../../../../GravityImpact/GravityImpactFull/GravityImpact/Content/Maps/MainMenu.umap" 233
"../../../Engine/Content/Maps/Entry_BuiltData.uasset" 234
"../../../Engine/Content/Maps/Entry.umap" 235
